  源.cpp
C:\Users\xlc29\Desktop\代码\项目2\源.cpp(100,16): warning C4566: 由通用字符名称“\u274C”表示的字符不能在当前代码页(936)中表示出来
C:\Users\xlc29\Desktop\代码\项目2\源.cpp(115,16): warning C4566: 由通用字符名称“\u2705”表示的字符不能在当前代码页(936)中表示出来
C:\Users\xlc29\Desktop\代码\项目2\源.cpp(122,16): warning C4566: 由通用字符名称“\u2705”表示的字符不能在当前代码页(936)中表示出来
C:\Users\xlc29\Desktop\代码\项目2\源.cpp(131,16): warning C4566: 由通用字符名称“\u2705”表示的字符不能在当前代码页(936)中表示出来
C:\Users\xlc29\Desktop\代码\项目2\源.cpp(134,16): warning C4566: 由通用字符名称“\u2705”表示的字符不能在当前代码页(936)中表示出来
C:\Users\xlc29\Desktop\代码\项目2\源.cpp(143,16): warning C4566: 由通用字符名称“\u2705”表示的字符不能在当前代码页(936)中表示出来
C:\Users\xlc29\Desktop\代码\项目2\源.cpp(146,16): warning C4566: 由通用字符名称“\u2705”表示的字符不能在当前代码页(936)中表示出来
C:\Users\xlc29\Desktop\代码\项目2\源.cpp(173,12): warning C4566: 由通用字符名称“\u2705”表示的字符不能在当前代码页(936)中表示出来
C:\Users\xlc29\Desktop\代码\项目2\源.cpp(211,24): warning C4566: 由通用字符名称“\u2705”表示的字符不能在当前代码页(936)中表示出来
C:\Users\xlc29\Desktop\代码\项目2\源.cpp(219,16): warning C4566: 由通用字符名称“\u274C”表示的字符不能在当前代码页(936)中表示出来
C:\Users\xlc29\Desktop\代码\项目2\源.cpp(223,12): warning C4566: 由通用字符名称“\u274C”表示的字符不能在当前代码页(936)中表示出来
C:\Users\xlc29\Desktop\代码\项目2\源.cpp(231,16): warning C4566: 由通用字符名称“\u274C”表示的字符不能在当前代码页(936)中表示出来
C:\Users\xlc29\Desktop\代码\项目2\源.cpp(245,20): warning C4566: 由通用字符名称“\u274C”表示的字符不能在当前代码页(936)中表示出来
C:\Users\xlc29\Desktop\代码\项目2\源.cpp(260,16): warning C4566: 由通用字符名称“\u274C”表示的字符不能在当前代码页(936)中表示出来
C:\Users\xlc29\Desktop\代码\项目2\源.cpp(282,16): warning C4566: 由通用字符名称“\u274C”表示的字符不能在当前代码页(936)中表示出来
C:\Users\xlc29\Desktop\代码\项目2\源.cpp(290,16): warning C4566: 由通用字符名称“\u2705”表示的字符不能在当前代码页(936)中表示出来
C:\Users\xlc29\Desktop\代码\项目2\源.cpp(294,12): warning C4566: 由通用字符名称“\u2705”表示的字符不能在当前代码页(936)中表示出来
C:\Users\xlc29\Desktop\代码\项目2\源.cpp(307,16): warning C4566: 由通用字符名称“\u274C”表示的字符不能在当前代码页(936)中表示出来
C:\Users\xlc29\Desktop\代码\项目2\源.cpp(318,31): warning C4566: 由通用字符名称“\u26A0”表示的字符不能在当前代码页(936)中表示出来
C:\Users\xlc29\Desktop\代码\项目2\源.cpp(318,31): warning C4566: 由通用字符名称“\uFE0F”表示的字符不能在当前代码页(936)中表示出来
C:\Users\xlc29\Desktop\代码\项目2\源.cpp(326,12): warning C4566: 由通用字符名称“\U0001F4CA”表示的字符不能在当前代码页(936)中表示出来
C:\Users\xlc29\Desktop\代码\项目2\源.cpp(336,16): warning C4566: 由通用字符名称“\u274C”表示的字符不能在当前代码页(936)中表示出来
C:\Users\xlc29\Desktop\代码\项目2\源.cpp(354,16): warning C4566: 由通用字符名称“\u274C”表示的字符不能在当前代码页(936)中表示出来
C:\Users\xlc29\Desktop\代码\项目2\源.cpp(387,20): warning C4566: 由通用字符名称“\u274C”表示的字符不能在当前代码页(936)中表示出来
C:\Users\xlc29\Desktop\代码\项目2\源.cpp(396,27): warning C4244: “初始化”: 从“double”转换到“float”，可能丢失数据
C:\Users\xlc29\Desktop\代码\项目2\源.cpp(401,20): warning C4566: 由通用字符名称“\u274C”表示的字符不能在当前代码页(936)中表示出来
C:\Users\xlc29\Desktop\代码\项目2\源.cpp(410,28): warning C4244: “初始化”: 从“double”转换到“float”，可能丢失数据
C:\Users\xlc29\Desktop\代码\项目2\源.cpp(415,20): warning C4566: 由通用字符名称“\u274C”表示的字符不能在当前代码页(936)中表示出来
C:\Users\xlc29\Desktop\代码\项目2\源.cpp(429,20): warning C4566: 由通用字符名称“\u274C”表示的字符不能在当前代码页(936)中表示出来
C:\Users\xlc29\Desktop\代码\项目2\源.cpp(433,12): warning C4566: 由通用字符名称“\u2705”表示的字符不能在当前代码页(936)中表示出来
C:\Users\xlc29\Desktop\代码\项目2\源.cpp(443,16): warning C4566: 由通用字符名称“\u274C”表示的字符不能在当前代码页(936)中表示出来
C:\Users\xlc29\Desktop\代码\项目2\源.cpp(461,16): warning C4566: 由通用字符名称“\u274C”表示的字符不能在当前代码页(936)中表示出来
C:\Users\xlc29\Desktop\代码\项目2\源.cpp(474,16): warning C4566: 由通用字符名称“\u2705”表示的字符不能在当前代码页(936)中表示出来
C:\Users\xlc29\Desktop\代码\项目2\源.cpp(483,12): warning C4566: 由通用字符名称“\u2705”表示的字符不能在当前代码页(936)中表示出来
C:\Users\xlc29\Desktop\代码\项目2\源.cpp(510,20): warning C4566: 由通用字符名称“\u274C”表示的字符不能在当前代码页(936)中表示出来
C:\Users\xlc29\Desktop\代码\项目2\源.cpp(523,16): warning C4566: 由通用字符名称“\u274C”表示的字符不能在当前代码页(936)中表示出来
C:\Users\xlc29\Desktop\代码\项目2\源.cpp(541,16): warning C4566: 由通用字符名称“\u274C”表示的字符不能在当前代码页(936)中表示出来
C:\Users\xlc29\Desktop\代码\项目2\源.cpp(547,16): warning C4566: 由通用字符名称“\u274C”表示的字符不能在当前代码页(936)中表示出来
C:\Users\xlc29\Desktop\代码\项目2\源.cpp(561,20): warning C4566: 由通用字符名称“\u274C”表示的字符不能在当前代码页(936)中表示出来
C:\Users\xlc29\Desktop\代码\项目2\源.cpp(564,20): warning C4566: 由通用字符名称“\u274C”表示的字符不能在当前代码页(936)中表示出来
C:\Users\xlc29\Desktop\代码\项目2\源.cpp(583,16): warning C4566: 由通用字符名称“\u274C”表示的字符不能在当前代码页(936)中表示出来
C:\Users\xlc29\Desktop\代码\项目2\源.cpp(609,16): warning C4566: 由通用字符名称“\u26A0”表示的字符不能在当前代码页(936)中表示出来
C:\Users\xlc29\Desktop\代码\项目2\源.cpp(609,16): warning C4566: 由通用字符名称“\uFE0F”表示的字符不能在当前代码页(936)中表示出来
C:\Users\xlc29\Desktop\代码\项目2\源.cpp(622,16): warning C4566: 由通用字符名称“\u274C”表示的字符不能在当前代码页(936)中表示出来
C:\Users\xlc29\Desktop\代码\项目2\源.cpp(637,12): warning C4566: 由通用字符名称“\U0001F4CA”表示的字符不能在当前代码页(936)中表示出来
C:\Users\xlc29\Desktop\代码\项目2\源.cpp(660,20): warning C4566: 由通用字符名称“\u274C”表示的字符不能在当前代码页(936)中表示出来
C:\Users\xlc29\Desktop\代码\项目2\源.cpp(673,16): warning C4566: 由通用字符名称“\u274C”表示的字符不能在当前代码页(936)中表示出来
C:\Users\xlc29\Desktop\代码\项目2\源.cpp(678,12): warning C4566: 由通用字符名称“\u26A0”表示的字符不能在当前代码页(936)中表示出来
C:\Users\xlc29\Desktop\代码\项目2\源.cpp(678,12): warning C4566: 由通用字符名称“\uFE0F”表示的字符不能在当前代码页(936)中表示出来
C:\Users\xlc29\Desktop\代码\项目2\源.cpp(690,16): warning C4566: 由通用字符名称“\u2705”表示的字符不能在当前代码页(936)中表示出来
C:\Users\xlc29\Desktop\代码\项目2\源.cpp(694,12): warning C4566: 由通用字符名称“\U0001F4CA”表示的字符不能在当前代码页(936)中表示出来
C:\Users\xlc29\Desktop\代码\项目2\源.cpp(706,12): warning C4566: 由通用字符名称“\U0001F4CA”表示的字符不能在当前代码页(936)中表示出来
C:\Users\xlc29\Desktop\代码\项目2\源.cpp(717,16): warning C4566: 由通用字符名称“\u274C”表示的字符不能在当前代码页(936)中表示出来
C:\Users\xlc29\Desktop\代码\项目2\源.cpp(779,12): warning C4566: 由通用字符名称“\U0001F4CA”表示的字符不能在当前代码页(936)中表示出来
C:\Users\xlc29\Desktop\代码\项目2\源.cpp(794,16): warning C4566: 由通用字符名称“\u274C”表示的字符不能在当前代码页(936)中表示出来
C:\Users\xlc29\Desktop\代码\项目2\源.cpp(840,12): warning C4566: 由通用字符名称“\U0001F4CA”表示的字符不能在当前代码页(936)中表示出来
C:\Users\xlc29\Desktop\代码\项目2\源.cpp(863,20): warning C4566: 由通用字符名称“\u274C”表示的字符不能在当前代码页(936)中表示出来
C:\Users\xlc29\Desktop\代码\项目2\源.cpp(876,16): warning C4566: 由通用字符名称“\u274C”表示的字符不能在当前代码页(936)中表示出来
C:\Users\xlc29\Desktop\代码\项目2\源.cpp(924,16): warning C4566: 由通用字符名称“\u274C”表示的字符不能在当前代码页(936)中表示出来
C:\Users\xlc29\Desktop\代码\项目2\源.cpp(928,16): warning C4566: 由通用字符名称“\U0001F4CA”表示的字符不能在当前代码页(936)中表示出来
C:\Users\xlc29\Desktop\代码\项目2\源.cpp(965,20): warning C4566: 由通用字符名称“\u274C”表示的字符不能在当前代码页(936)中表示出来
  项目2.vcxproj -> C:\Users\xlc29\Desktop\代码\项目2\x64\Debug\项目2.exe
